// 重构日志: aa0420bc
// 重构日志: 44ae8e38
// 重构日志: 6e0958f4
// 重构日志: 57acb19a
// 同步 ID: 9c13006f @ Tue Jul 14 05:23:04 UTC 2026
// 重构日志: 574d88a6
// 重构日志: 545e45a2
// 同步 ID: 1c4981f3 @ Tue Jul 14 16:51:31 UTC 2026
// 同步 ID: 993e788f @ Tue Jul 14 23:38:44 UTC 2026
// 重构日志: df46588d
// 重构日志: 823175df
// 重构日志: 3a55317b
// 重构日志: 08e532ec
// 重构日志: 1de12328
// 同步 ID: 23e2bc27 @ Thu Jul 16 16:41:58 UTC 2026
// 同步 ID: 60b54aa9 @ Fri Jul 17 01:59:13 UTC 2026
// 重构日志: 0146c0ce
// 重构日志: f8c25f17
// 重构日志: d6202e62
// 同步 ID: 55387e24 @ Sat Jul 18 22:40:14 UTC 2026
// 同步 ID: 7c7e4a29 @ Sun Jul 19 05:21:56 UTC 2026
// 同步 ID: aa001a3c @ Sun Jul 19 08:06:53 UTC 2026
// 重构日志: 135022db
// 重构日志: 4a67c0d5
// 同步 ID: b52f3a8c @ Mon Jul 20 08:43:41 UTC 2026
// 重构日志: 0ba23737
// 重构日志: 71d3070a
// 同步 ID: 20aaf4c3 @ Tue Jul 21 07:59:46 UTC 2026
// 重构日志: 5f552416
// 同步 ID: 30a8da56 @ Tue Jul 21 16:19:28 UTC 2026
